[16-Oct-2023 12:52:25 Asia/Kolkata] PHP Deprecated:  Required parameter $rate follows optional parameter $product_id in /home/u210986732/domains/premiercourses.in/public_html/mink/application/modules/web/models/Products_model.php on line 74
[17-Oct-2023 05:37:55 Asia/Kolkata] PHP Deprecated:  Required parameter $rate follows optional parameter $product_id in /home/u210986732/domains/premiercourses.in/public_html/mink/application/modules/web/models/Products_model.php on line 74
[17-Oct-2023 08:43:13 Asia/Kolkata] PHP Deprecated:  Required parameter $rate follows optional parameter $product_id in /home/u210986732/domains/premiercourses.in/public_html/mink/application/modules/web/models/Products_model.php on line 74
[17-Oct-2023 09:36:59 Asia/Kolkata] PHP Deprecated:  Required parameter $batch_no follows optional parameter $variant_color in /home/u210986732/domains/premiercourses.in/public_html/mink/application/modules/dashboard/models/Purchases.php on line 2514
[17-Oct-2023 09:36:59 Asia/Kolkata] PHP Deprecated:  Required parameter $per_page follows optional parameter $store_id in /home/u210986732/domains/premiercourses.in/public_html/mink/application/modules/dashboard/models/Reports.php on line 460
[17-Oct-2023 09:36:59 Asia/Kolkata] PHP Deprecated:  Required parameter $page follows optional parameter $store_id in /home/u210986732/domains/premiercourses.in/public_html/mink/application/modules/dashboard/models/Reports.php on line 460
[17-Oct-2023 09:36:59 Asia/Kolkata] PHP Deprecated:  Required parameter $perpage follows optional parameter $store_id in /home/u210986732/domains/premiercourses.in/public_html/mink/application/modules/dashboard/models/Reports.php on line 510
[17-Oct-2023 09:36:59 Asia/Kolkata] PHP Deprecated:  Required parameter $page follows optional parameter $store_id in /home/u210986732/domains/premiercourses.in/public_html/mink/application/modules/dashboard/models/Reports.php on line 510
[17-Oct-2023 04:06:59 UTC] PHP Deprecated:  Required parameter $page follows optional parameter $filter in /home/u210986732/domains/premiercourses.in/public_html/mink/application/modules/dashboard/models/Orders.php on line 48
[17-Oct-2023 04:06:59 UTC] PHP Deprecated:  Required parameter $per_page follows optional parameter $filter in /home/u210986732/domains/premiercourses.in/public_html/mink/application/modules/dashboard/models/Orders.php on line 48
[17-Oct-2023 10:50:36 Asia/Kolkata] PHP Deprecated:  Required parameter $batch_no follows optional parameter $variant_color in /home/u210986732/domains/premiercourses.in/public_html/mink/application/modules/dashboard/models/Purchases.php on line 2514
[17-Oct-2023 10:50:36 Asia/Kolkata] PHP Deprecated:  Required parameter $per_page follows optional parameter $store_id in /home/u210986732/domains/premiercourses.in/public_html/mink/application/modules/dashboard/models/Reports.php on line 460
[17-Oct-2023 10:50:36 Asia/Kolkata] PHP Deprecated:  Required parameter $page follows optional parameter $store_id in /home/u210986732/domains/premiercourses.in/public_html/mink/application/modules/dashboard/models/Reports.php on line 460
[17-Oct-2023 10:50:36 Asia/Kolkata] PHP Deprecated:  Required parameter $perpage follows optional parameter $store_id in /home/u210986732/domains/premiercourses.in/public_html/mink/application/modules/dashboard/models/Reports.php on line 510
[17-Oct-2023 10:50:36 Asia/Kolkata] PHP Deprecated:  Required parameter $page follows optional parameter $store_id in /home/u210986732/domains/premiercourses.in/public_html/mink/application/modules/dashboard/models/Reports.php on line 510
[17-Oct-2023 05:20:36 UTC] PHP Deprecated:  Required parameter $page follows optional parameter $filter in /home/u210986732/domains/premiercourses.in/public_html/mink/application/modules/dashboard/models/Orders.php on line 48
[17-Oct-2023 05:20:36 UTC] PHP Deprecated:  Required parameter $per_page follows optional parameter $filter in /home/u210986732/domains/premiercourses.in/public_html/mink/application/modules/dashboard/models/Orders.php on line 48
[17-Oct-2023 14:00:43 Asia/Kolkata] PHP Deprecated:  Required parameter $rate follows optional parameter $product_id in /home/u210986732/domains/premiercourses.in/public_html/mink/application/modules/web/models/Products_model.php on line 74
[17-Oct-2023 20:00:33 Asia/Kolkata] PHP Deprecated:  Required parameter $batch_no follows optional parameter $variant_color in /home/u210986732/domains/premiercourses.in/public_html/mink/application/modules/dashboard/models/Purchases.php on line 2514
[17-Oct-2023 20:00:33 Asia/Kolkata] PHP Deprecated:  Required parameter $per_page follows optional parameter $store_id in /home/u210986732/domains/premiercourses.in/public_html/mink/application/modules/dashboard/models/Reports.php on line 460
[17-Oct-2023 20:00:33 Asia/Kolkata] PHP Deprecated:  Required parameter $page follows optional parameter $store_id in /home/u210986732/domains/premiercourses.in/public_html/mink/application/modules/dashboard/models/Reports.php on line 460
[17-Oct-2023 20:00:33 Asia/Kolkata] PHP Deprecated:  Required parameter $perpage follows optional parameter $store_id in /home/u210986732/domains/premiercourses.in/public_html/mink/application/modules/dashboard/models/Reports.php on line 510
[17-Oct-2023 20:00:33 Asia/Kolkata] PHP Deprecated:  Required parameter $page follows optional parameter $store_id in /home/u210986732/domains/premiercourses.in/public_html/mink/application/modules/dashboard/models/Reports.php on line 510
[17-Oct-2023 14:30:33 UTC] PHP Deprecated:  Required parameter $page follows optional parameter $filter in /home/u210986732/domains/premiercourses.in/public_html/mink/application/modules/dashboard/models/Orders.php on line 48
[17-Oct-2023 14:30:33 UTC] PHP Deprecated:  Required parameter $per_page follows optional parameter $filter in /home/u210986732/domains/premiercourses.in/public_html/mink/application/modules/dashboard/models/Orders.php on line 48
[17-Oct-2023 20:01:09 Asia/Kolkata] PHP Deprecated:  Required parameter $rate follows optional parameter $product_id in /home/u210986732/domains/premiercourses.in/public_html/mink/application/modules/web/models/Products_model.php on line 74
[17-Oct-2023 20:15:03 Asia/Kolkata] PHP Deprecated:  Required parameter $batch_no follows optional parameter $variant_color in /home/u210986732/domains/premiercourses.in/public_html/mink/application/modules/dashboard/models/Purchases.php on line 2514
[17-Oct-2023 20:15:03 Asia/Kolkata] PHP Deprecated:  Required parameter $per_page follows optional parameter $store_id in /home/u210986732/domains/premiercourses.in/public_html/mink/application/modules/dashboard/models/Reports.php on line 460
[17-Oct-2023 20:15:03 Asia/Kolkata] PHP Deprecated:  Required parameter $page follows optional parameter $store_id in /home/u210986732/domains/premiercourses.in/public_html/mink/application/modules/dashboard/models/Reports.php on line 460
[17-Oct-2023 20:15:03 Asia/Kolkata] PHP Deprecated:  Required parameter $perpage follows optional parameter $store_id in /home/u210986732/domains/premiercourses.in/public_html/mink/application/modules/dashboard/models/Reports.php on line 510
[17-Oct-2023 20:15:03 Asia/Kolkata] PHP Deprecated:  Required parameter $page follows optional parameter $store_id in /home/u210986732/domains/premiercourses.in/public_html/mink/application/modules/dashboard/models/Reports.php on line 510
[17-Oct-2023 14:45:03 UTC] PHP Deprecated:  Required parameter $page follows optional parameter $filter in /home/u210986732/domains/premiercourses.in/public_html/mink/application/modules/dashboard/models/Orders.php on line 48
[17-Oct-2023 14:45:03 UTC] PHP Deprecated:  Required parameter $per_page follows optional parameter $filter in /home/u210986732/domains/premiercourses.in/public_html/mink/application/modules/dashboard/models/Orders.php on line 48
[20-Oct-2023 16:40:38 Asia/Kolkata] PHP Deprecated:  Required parameter $delivery_boy_id follows optional parameter $per_page in /home/u210986732/domains/premiercourses.in/public_html/mink/application/modules/dashboard/models/Delivery_system.php on line 160
[20-Oct-2023 16:40:38 Asia/Kolkata] PHP Deprecated:  Required parameter $start_date follows optional parameter $per_page in /home/u210986732/domains/premiercourses.in/public_html/mink/application/modules/dashboard/models/Delivery_system.php on line 160
[20-Oct-2023 16:40:38 Asia/Kolkata] PHP Deprecated:  Required parameter $end_date follows optional parameter $per_page in /home/u210986732/domains/premiercourses.in/public_html/mink/application/modules/dashboard/models/Delivery_system.php on line 160
[20-Oct-2023 16:40:38 Asia/Kolkata] PHP Deprecated:  Required parameter $delivery_zone follows optional parameter $per_page in /home/u210986732/domains/premiercourses.in/public_html/mink/application/modules/dashboard/models/Delivery_system.php on line 160
[20-Oct-2023 16:53:10 Asia/Kolkata] PHP Deprecated:  Required parameter $per_page follows optional parameter $store_id in /home/u210986732/domains/premiercourses.in/public_html/mink/application/modules/dashboard/models/Reports.php on line 460
[20-Oct-2023 16:53:10 Asia/Kolkata] PHP Deprecated:  Required parameter $page follows optional parameter $store_id in /home/u210986732/domains/premiercourses.in/public_html/mink/application/modules/dashboard/models/Reports.php on line 460
[20-Oct-2023 16:53:10 Asia/Kolkata] PHP Deprecated:  Required parameter $perpage follows optional parameter $store_id in /home/u210986732/domains/premiercourses.in/public_html/mink/application/modules/dashboard/models/Reports.php on line 510
[20-Oct-2023 16:53:10 Asia/Kolkata] PHP Deprecated:  Required parameter $page follows optional parameter $store_id in /home/u210986732/domains/premiercourses.in/public_html/mink/application/modules/dashboard/models/Reports.php on line 510
[23-Oct-2023 13:57:31 Asia/Kolkata] PHP Deprecated:  Required parameter $store_id follows optional parameter $data in /home/u210986732/domains/premiercourses.in/public_html/mink/application/modules/accounting/models/Account_model.php on line 1884
[23-Oct-2023 13:57:31 Asia/Kolkata] PHP Deprecated:  Required parameter $supplier_id follows optional parameter $data in /home/u210986732/domains/premiercourses.in/public_html/mink/application/modules/accounting/models/Account_model.php on line 1895
[23-Oct-2023 13:57:31 Asia/Kolkata] PHP Deprecated:  Required parameter $customer_id follows optional parameter $data in /home/u210986732/domains/premiercourses.in/public_html/mink/application/modules/accounting/models/Account_model.php on line 1987
[23-Oct-2023 16:57:33 Asia/Kolkata] PHP Deprecated:  Required parameter $rate follows optional parameter $product_id in /home/u210986732/domains/premiercourses.in/public_html/mink/application/modules/web/models/Products_model.php on line 74
[23-Oct-2023 17:03:56 Asia/Kolkata] PHP Deprecated:  Required parameter $rate follows optional parameter $product_id in /home/u210986732/domains/premiercourses.in/public_html/mink/application/modules/web/models/Products_model.php on line 74
[23-Oct-2023 17:13:46 Asia/Kolkata] PHP Deprecated:  Required parameter $rate follows optional parameter $product_id in /home/u210986732/domains/premiercourses.in/public_html/mink/application/modules/web/models/Products_model.php on line 74
[23-Oct-2023 17:25:31 Asia/Kolkata] PHP Deprecated:  Required parameter $rate follows optional parameter $product_id in /home/u210986732/domains/premiercourses.in/public_html/mink/application/modules/web/models/Products_model.php on line 74
[23-Oct-2023 17:40:51 Asia/Kolkata] PHP Deprecated:  Required parameter $rate follows optional parameter $product_id in /home/u210986732/domains/premiercourses.in/public_html/mink/application/modules/web/models/Products_model.php on line 74
[23-Oct-2023 17:49:17 Asia/Kolkata] PHP Deprecated:  Required parameter $rate follows optional parameter $product_id in /home/u210986732/domains/premiercourses.in/public_html/mink/application/modules/web/models/Products_model.php on line 74
[23-Oct-2023 18:11:19 Asia/Kolkata] PHP Deprecated:  Required parameter $rate follows optional parameter $product_id in /home/u210986732/domains/premiercourses.in/public_html/mink/application/modules/web/models/Products_model.php on line 74
[23-Oct-2023 18:22:08 Asia/Kolkata] PHP Deprecated:  Required parameter $rate follows optional parameter $product_id in /home/u210986732/domains/premiercourses.in/public_html/mink/application/modules/web/models/Products_model.php on line 74
[23-Oct-2023 20:29:34 Asia/Kolkata] PHP Deprecated:  Required parameter $rate follows optional parameter $product_id in /home/u210986732/domains/premiercourses.in/public_html/mink/application/modules/web/models/Products_model.php on line 74
[25-Oct-2023 18:19:29 Asia/Kolkata] PHP Deprecated:  Required parameter $rate follows optional parameter $product_id in /home/u210986732/domains/premiercourses.in/public_html/mink/application/modules/web/models/Products_model.php on line 74
[26-Oct-2023 11:43:44 Asia/Kolkata] PHP Deprecated:  Required parameter $rate follows optional parameter $product_id in /home/u210986732/domains/premiercourses.in/public_html/mink/application/modules/web/models/Products_model.php on line 74
[26-Oct-2023 12:06:43 Asia/Kolkata] PHP Deprecated:  Required parameter $page follows optional parameter $filter in /home/u210986732/domains/premiercourses.in/public_html/mink/application/modules/dashboard/models/Orders.php on line 48
[26-Oct-2023 12:06:43 Asia/Kolkata] PHP Deprecated:  Required parameter $per_page follows optional parameter $filter in /home/u210986732/domains/premiercourses.in/public_html/mink/application/modules/dashboard/models/Orders.php on line 48
[26-Oct-2023 12:06:43 Asia/Kolkata] PHP Deprecated:  Required parameter $per_page follows optional parameter $store_id in /home/u210986732/domains/premiercourses.in/public_html/mink/application/modules/dashboard/models/Reports.php on line 460
[26-Oct-2023 12:06:43 Asia/Kolkata] PHP Deprecated:  Required parameter $page follows optional parameter $store_id in /home/u210986732/domains/premiercourses.in/public_html/mink/application/modules/dashboard/models/Reports.php on line 460
[26-Oct-2023 12:06:43 Asia/Kolkata] PHP Deprecated:  Required parameter $perpage follows optional parameter $store_id in /home/u210986732/domains/premiercourses.in/public_html/mink/application/modules/dashboard/models/Reports.php on line 510
[26-Oct-2023 12:06:43 Asia/Kolkata] PHP Deprecated:  Required parameter $page follows optional parameter $store_id in /home/u210986732/domains/premiercourses.in/public_html/mink/application/modules/dashboard/models/Reports.php on line 510
[26-Oct-2023 12:06:43 Asia/Kolkata] PHP Deprecated:  Required parameter $page follows optional parameter $filter in /home/u210986732/domains/premiercourses.in/public_html/mink/application/modules/dashboard/libraries/Lorder.php on line 27
[26-Oct-2023 12:06:43 Asia/Kolkata] PHP Deprecated:  Required parameter $per_page follows optional parameter $filter in /home/u210986732/domains/premiercourses.in/public_html/mink/application/modules/dashboard/libraries/Lorder.php on line 27
[26-Oct-2023 13:59:08 Asia/Kolkata] PHP Deprecated:  Required parameter $rate follows optional parameter $product_id in /home/u210986732/domains/premiercourses.in/public_html/mink/application/modules/web/models/Products_model.php on line 74
[26-Oct-2023 15:16:07 Asia/Kolkata] PHP Deprecated:  Required parameter $batch_no follows optional parameter $variant_color in /home/u210986732/domains/premiercourses.in/public_html/mink/application/modules/dashboard/models/Purchases.php on line 2514
[26-Oct-2023 15:16:07 Asia/Kolkata] PHP Deprecated:  Required parameter $per_page follows optional parameter $store_id in /home/u210986732/domains/premiercourses.in/public_html/mink/application/modules/dashboard/models/Reports.php on line 460
[26-Oct-2023 15:16:07 Asia/Kolkata] PHP Deprecated:  Required parameter $page follows optional parameter $store_id in /home/u210986732/domains/premiercourses.in/public_html/mink/application/modules/dashboard/models/Reports.php on line 460
[26-Oct-2023 15:16:07 Asia/Kolkata] PHP Deprecated:  Required parameter $perpage follows optional parameter $store_id in /home/u210986732/domains/premiercourses.in/public_html/mink/application/modules/dashboard/models/Reports.php on line 510
[26-Oct-2023 15:16:07 Asia/Kolkata] PHP Deprecated:  Required parameter $page follows optional parameter $store_id in /home/u210986732/domains/premiercourses.in/public_html/mink/application/modules/dashboard/models/Reports.php on line 510
[26-Oct-2023 09:46:07 UTC] PHP Deprecated:  Required parameter $page follows optional parameter $filter in /home/u210986732/domains/premiercourses.in/public_html/mink/application/modules/dashboard/models/Orders.php on line 48
[26-Oct-2023 09:46:07 UTC] PHP Deprecated:  Required parameter $per_page follows optional parameter $filter in /home/u210986732/domains/premiercourses.in/public_html/mink/application/modules/dashboard/models/Orders.php on line 48
[26-Oct-2023 09:51:42 UTC] PHP Deprecated:  Required parameter $pur_order_id follows optional parameter $param in /home/u210986732/domains/premiercourses.in/public_html/mink/application/modules/dashboard/controllers/Cpurchase.php on line 692
[26-Oct-2023 15:27:06 Asia/Kolkata] PHP Deprecated:  Required parameter $rate follows optional parameter $product_id in /home/u210986732/domains/premiercourses.in/public_html/mink/application/modules/web/models/Products_model.php on line 74
[27-Oct-2023 11:53:11 Asia/Kolkata] PHP Deprecated:  Required parameter $page follows optional parameter $filter in /home/u210986732/domains/premiercourses.in/public_html/mink/application/modules/dashboard/models/Orders.php on line 48
[27-Oct-2023 11:53:11 Asia/Kolkata] PHP Deprecated:  Required parameter $per_page follows optional parameter $filter in /home/u210986732/domains/premiercourses.in/public_html/mink/application/modules/dashboard/models/Orders.php on line 48
[27-Oct-2023 11:53:11 Asia/Kolkata] PHP Deprecated:  Required parameter $per_page follows optional parameter $store_id in /home/u210986732/domains/premiercourses.in/public_html/mink/application/modules/dashboard/models/Reports.php on line 460
[27-Oct-2023 11:53:11 Asia/Kolkata] PHP Deprecated:  Required parameter $page follows optional parameter $store_id in /home/u210986732/domains/premiercourses.in/public_html/mink/application/modules/dashboard/models/Reports.php on line 460
[27-Oct-2023 11:53:11 Asia/Kolkata] PHP Deprecated:  Required parameter $perpage follows optional parameter $store_id in /home/u210986732/domains/premiercourses.in/public_html/mink/application/modules/dashboard/models/Reports.php on line 510
[27-Oct-2023 11:53:11 Asia/Kolkata] PHP Deprecated:  Required parameter $page follows optional parameter $store_id in /home/u210986732/domains/premiercourses.in/public_html/mink/application/modules/dashboard/models/Reports.php on line 510
[27-Oct-2023 11:53:11 Asia/Kolkata] PHP Deprecated:  Required parameter $page follows optional parameter $filter in /home/u210986732/domains/premiercourses.in/public_html/mink/application/modules/dashboard/libraries/Lorder.php on line 27
[27-Oct-2023 11:53:11 Asia/Kolkata] PHP Deprecated:  Required parameter $per_page follows optional parameter $filter in /home/u210986732/domains/premiercourses.in/public_html/mink/application/modules/dashboard/libraries/Lorder.php on line 27
[27-Oct-2023 11:53:42 Asia/Kolkata] PHP Deprecated:  Required parameter $page follows optional parameter $filter in /home/u210986732/domains/premiercourses.in/public_html/mink/application/modules/dashboard/models/Orders.php on line 48
[27-Oct-2023 11:53:42 Asia/Kolkata] PHP Deprecated:  Required parameter $per_page follows optional parameter $filter in /home/u210986732/domains/premiercourses.in/public_html/mink/application/modules/dashboard/models/Orders.php on line 48
[27-Oct-2023 11:55:44 Asia/Kolkata] PHP Deprecated:  Required parameter $page follows optional parameter $filter in /home/u210986732/domains/premiercourses.in/public_html/mink/application/modules/dashboard/models/Orders.php on line 48
[27-Oct-2023 11:55:44 Asia/Kolkata] PHP Deprecated:  Required parameter $per_page follows optional parameter $filter in /home/u210986732/domains/premiercourses.in/public_html/mink/application/modules/dashboard/models/Orders.php on line 48
[27-Oct-2023 11:58:11 Asia/Kolkata] PHP Deprecated:  Required parameter $page follows optional parameter $filter in /home/u210986732/domains/premiercourses.in/public_html/mink/application/modules/dashboard/models/Orders.php on line 48
[27-Oct-2023 11:58:11 Asia/Kolkata] PHP Deprecated:  Required parameter $per_page follows optional parameter $filter in /home/u210986732/domains/premiercourses.in/public_html/mink/application/modules/dashboard/models/Orders.php on line 48
[27-Oct-2023 11:58:43 Asia/Kolkata] PHP Deprecated:  Required parameter $page follows optional parameter $filter in /home/u210986732/domains/premiercourses.in/public_html/mink/application/modules/dashboard/models/Orders.php on line 48
[27-Oct-2023 11:58:43 Asia/Kolkata] PHP Deprecated:  Required parameter $per_page follows optional parameter $filter in /home/u210986732/domains/premiercourses.in/public_html/mink/application/modules/dashboard/models/Orders.php on line 48
[27-Oct-2023 12:19:03 Asia/Kolkata] PHP Deprecated:  Required parameter $page follows optional parameter $filter in /home/u210986732/domains/premiercourses.in/public_html/mink/application/modules/dashboard/models/Orders.php on line 48
[27-Oct-2023 12:19:03 Asia/Kolkata] PHP Deprecated:  Required parameter $per_page follows optional parameter $filter in /home/u210986732/domains/premiercourses.in/public_html/mink/application/modules/dashboard/models/Orders.php on line 48
[27-Oct-2023 12:29:03 Asia/Kolkata] PHP Deprecated:  Required parameter $per_page follows optional parameter $store_id in /home/u210986732/domains/premiercourses.in/public_html/mink/application/modules/dashboard/models/Reports.php on line 460
[27-Oct-2023 12:29:03 Asia/Kolkata] PHP Deprecated:  Required parameter $page follows optional parameter $store_id in /home/u210986732/domains/premiercourses.in/public_html/mink/application/modules/dashboard/models/Reports.php on line 460
[27-Oct-2023 12:29:03 Asia/Kolkata] PHP Deprecated:  Required parameter $perpage follows optional parameter $store_id in /home/u210986732/domains/premiercourses.in/public_html/mink/application/modules/dashboard/models/Reports.php on line 510
[27-Oct-2023 12:29:03 Asia/Kolkata] PHP Deprecated:  Required parameter $page follows optional parameter $store_id in /home/u210986732/domains/premiercourses.in/public_html/mink/application/modules/dashboard/models/Reports.php on line 510
[27-Oct-2023 12:29:03 Asia/Kolkata] PHP Deprecated:  Required parameter $page follows optional parameter $filter in /home/u210986732/domains/premiercourses.in/public_html/mink/application/modules/dashboard/libraries/Lorder.php on line 27
[27-Oct-2023 12:29:03 Asia/Kolkata] PHP Deprecated:  Required parameter $per_page follows optional parameter $filter in /home/u210986732/domains/premiercourses.in/public_html/mink/application/modules/dashboard/libraries/Lorder.php on line 27
[27-Oct-2023 12:42:13 Asia/Kolkata] PHP Deprecated:  Required parameter $page follows optional parameter $filter in /home/u210986732/domains/premiercourses.in/public_html/mink/application/modules/dashboard/models/Orders.php on line 48
[27-Oct-2023 12:42:13 Asia/Kolkata] PHP Deprecated:  Required parameter $per_page follows optional parameter $filter in /home/u210986732/domains/premiercourses.in/public_html/mink/application/modules/dashboard/models/Orders.php on line 48
[27-Oct-2023 12:42:42 Asia/Kolkata] PHP Deprecated:  Required parameter $page follows optional parameter $filter in /home/u210986732/domains/premiercourses.in/public_html/mink/application/modules/dashboard/models/Orders.php on line 48
[27-Oct-2023 12:42:42 Asia/Kolkata] PHP Deprecated:  Required parameter $per_page follows optional parameter $filter in /home/u210986732/domains/premiercourses.in/public_html/mink/application/modules/dashboard/models/Orders.php on line 48
[27-Oct-2023 12:47:08 Asia/Kolkata] PHP Deprecated:  Required parameter $page follows optional parameter $filter in /home/u210986732/domains/premiercourses.in/public_html/mink/application/modules/dashboard/models/Orders.php on line 48
[27-Oct-2023 12:47:08 Asia/Kolkata] PHP Deprecated:  Required parameter $per_page follows optional parameter $filter in /home/u210986732/domains/premiercourses.in/public_html/mink/application/modules/dashboard/models/Orders.php on line 48
[27-Oct-2023 12:47:36 Asia/Kolkata] PHP Deprecated:  Required parameter $page follows optional parameter $filter in /home/u210986732/domains/premiercourses.in/public_html/mink/application/modules/dashboard/models/Orders.php on line 48
[27-Oct-2023 12:47:36 Asia/Kolkata] PHP Deprecated:  Required parameter $per_page follows optional parameter $filter in /home/u210986732/domains/premiercourses.in/public_html/mink/application/modules/dashboard/models/Orders.php on line 48
[27-Oct-2023 12:48:18 Asia/Kolkata] PHP Deprecated:  Required parameter $page follows optional parameter $filter in /home/u210986732/domains/premiercourses.in/public_html/mink/application/modules/dashboard/models/Orders.php on line 48
[27-Oct-2023 12:48:18 Asia/Kolkata] PHP Deprecated:  Required parameter $per_page follows optional parameter $filter in /home/u210986732/domains/premiercourses.in/public_html/mink/application/modules/dashboard/models/Orders.php on line 48
[27-Oct-2023 12:55:45 Asia/Kolkata] PHP Deprecated:  Required parameter $page follows optional parameter $filter in /home/u210986732/domains/premiercourses.in/public_html/mink/application/modules/dashboard/models/Orders.php on line 48
[27-Oct-2023 12:55:45 Asia/Kolkata] PHP Deprecated:  Required parameter $per_page follows optional parameter $filter in /home/u210986732/domains/premiercourses.in/public_html/mink/application/modules/dashboard/models/Orders.php on line 48
[27-Oct-2023 12:55:45 Asia/Kolkata] PHP Deprecated:  Required parameter $per_page follows optional parameter $store_id in /home/u210986732/domains/premiercourses.in/public_html/mink/application/modules/dashboard/models/Reports.php on line 460
[27-Oct-2023 12:55:45 Asia/Kolkata] PHP Deprecated:  Required parameter $page follows optional parameter $store_id in /home/u210986732/domains/premiercourses.in/public_html/mink/application/modules/dashboard/models/Reports.php on line 460
[27-Oct-2023 12:55:45 Asia/Kolkata] PHP Deprecated:  Required parameter $perpage follows optional parameter $store_id in /home/u210986732/domains/premiercourses.in/public_html/mink/application/modules/dashboard/models/Reports.php on line 510
[27-Oct-2023 12:55:45 Asia/Kolkata] PHP Deprecated:  Required parameter $page follows optional parameter $store_id in /home/u210986732/domains/premiercourses.in/public_html/mink/application/modules/dashboard/models/Reports.php on line 510
[27-Oct-2023 12:55:45 Asia/Kolkata] PHP Deprecated:  Required parameter $page follows optional parameter $filter in /home/u210986732/domains/premiercourses.in/public_html/mink/application/modules/dashboard/libraries/Lorder.php on line 27
[27-Oct-2023 12:55:45 Asia/Kolkata] PHP Deprecated:  Required parameter $per_page follows optional parameter $filter in /home/u210986732/domains/premiercourses.in/public_html/mink/application/modules/dashboard/libraries/Lorder.php on line 27
[27-Oct-2023 12:59:26 Asia/Kolkata] PHP Deprecated:  Required parameter $rate follows optional parameter $product_id in /home/u210986732/domains/premiercourses.in/public_html/mink/application/modules/web/models/Products_model.php on line 74
[27-Oct-2023 12:59:53 Asia/Kolkata] PHP Deprecated:  Required parameter $page follows optional parameter $filter in /home/u210986732/domains/premiercourses.in/public_html/mink/application/modules/dashboard/models/Orders.php on line 48
[27-Oct-2023 12:59:53 Asia/Kolkata] PHP Deprecated:  Required parameter $per_page follows optional parameter $filter in /home/u210986732/domains/premiercourses.in/public_html/mink/application/modules/dashboard/models/Orders.php on line 48
[27-Oct-2023 13:01:07 Asia/Kolkata] PHP Deprecated:  Required parameter $page follows optional parameter $filter in /home/u210986732/domains/premiercourses.in/public_html/mink/application/modules/dashboard/models/Orders.php on line 48
[27-Oct-2023 13:01:07 Asia/Kolkata] PHP Deprecated:  Required parameter $per_page follows optional parameter $filter in /home/u210986732/domains/premiercourses.in/public_html/mink/application/modules/dashboard/models/Orders.php on line 48
[27-Oct-2023 13:01:24 Asia/Kolkata] PHP Deprecated:  Required parameter $page follows optional parameter $filter in /home/u210986732/domains/premiercourses.in/public_html/mink/application/modules/dashboard/models/Orders.php on line 48
[27-Oct-2023 13:01:24 Asia/Kolkata] PHP Deprecated:  Required parameter $per_page follows optional parameter $filter in /home/u210986732/domains/premiercourses.in/public_html/mink/application/modules/dashboard/models/Orders.php on line 48
[27-Oct-2023 13:02:05 Asia/Kolkata] PHP Deprecated:  Required parameter $page follows optional parameter $filter in /home/u210986732/domains/premiercourses.in/public_html/mink/application/modules/dashboard/models/Orders.php on line 48
[27-Oct-2023 13:02:05 Asia/Kolkata] PHP Deprecated:  Required parameter $per_page follows optional parameter $filter in /home/u210986732/domains/premiercourses.in/public_html/mink/application/modules/dashboard/models/Orders.php on line 48
[27-Oct-2023 13:02:41 Asia/Kolkata] PHP Deprecated:  Required parameter $page follows optional parameter $filter in /home/u210986732/domains/premiercourses.in/public_html/mink/application/modules/dashboard/models/Orders.php on line 48
[27-Oct-2023 13:02:41 Asia/Kolkata] PHP Deprecated:  Required parameter $per_page follows optional parameter $filter in /home/u210986732/domains/premiercourses.in/public_html/mink/application/modules/dashboard/models/Orders.php on line 48
[27-Oct-2023 13:02:51 Asia/Kolkata] PHP Deprecated:  Required parameter $page follows optional parameter $filter in /home/u210986732/domains/premiercourses.in/public_html/mink/application/modules/dashboard/models/Orders.php on line 48
[27-Oct-2023 13:02:51 Asia/Kolkata] PHP Deprecated:  Required parameter $per_page follows optional parameter $filter in /home/u210986732/domains/premiercourses.in/public_html/mink/application/modules/dashboard/models/Orders.php on line 48
[27-Oct-2023 13:09:55 Asia/Kolkata] PHP Deprecated:  Required parameter $page follows optional parameter $filter in /home/u210986732/domains/premiercourses.in/public_html/mink/application/modules/dashboard/models/Orders.php on line 48
[27-Oct-2023 13:09:55 Asia/Kolkata] PHP Deprecated:  Required parameter $per_page follows optional parameter $filter in /home/u210986732/domains/premiercourses.in/public_html/mink/application/modules/dashboard/models/Orders.php on line 48
[27-Oct-2023 13:09:55 Asia/Kolkata] PHP Deprecated:  Required parameter $per_page follows optional parameter $store_id in /home/u210986732/domains/premiercourses.in/public_html/mink/application/modules/dashboard/models/Reports.php on line 460
[27-Oct-2023 13:09:55 Asia/Kolkata] PHP Deprecated:  Required parameter $page follows optional parameter $store_id in /home/u210986732/domains/premiercourses.in/public_html/mink/application/modules/dashboard/models/Reports.php on line 460
[27-Oct-2023 13:09:55 Asia/Kolkata] PHP Deprecated:  Required parameter $perpage follows optional parameter $store_id in /home/u210986732/domains/premiercourses.in/public_html/mink/application/modules/dashboard/models/Reports.php on line 510
[27-Oct-2023 13:09:55 Asia/Kolkata] PHP Deprecated:  Required parameter $page follows optional parameter $store_id in /home/u210986732/domains/premiercourses.in/public_html/mink/application/modules/dashboard/models/Reports.php on line 510
[27-Oct-2023 13:09:55 Asia/Kolkata] PHP Deprecated:  Required parameter $page follows optional parameter $filter in /home/u210986732/domains/premiercourses.in/public_html/mink/application/modules/dashboard/libraries/Lorder.php on line 27
[27-Oct-2023 13:09:55 Asia/Kolkata] PHP Deprecated:  Required parameter $per_page follows optional parameter $filter in /home/u210986732/domains/premiercourses.in/public_html/mink/application/modules/dashboard/libraries/Lorder.php on line 27
[27-Oct-2023 13:11:24 Asia/Kolkata] PHP Deprecated:  Required parameter $page follows optional parameter $filter in /home/u210986732/domains/premiercourses.in/public_html/mink/application/modules/dashboard/models/Orders.php on line 48
[27-Oct-2023 13:11:24 Asia/Kolkata] PHP Deprecated:  Required parameter $per_page follows optional parameter $filter in /home/u210986732/domains/premiercourses.in/public_html/mink/application/modules/dashboard/models/Orders.php on line 48
[27-Oct-2023 13:24:50 Asia/Kolkata] PHP Deprecated:  Required parameter $page follows optional parameter $filter in /home/u210986732/domains/premiercourses.in/public_html/mink/application/modules/dashboard/models/Orders.php on line 48
[27-Oct-2023 13:24:50 Asia/Kolkata] PHP Deprecated:  Required parameter $per_page follows optional parameter $filter in /home/u210986732/domains/premiercourses.in/public_html/mink/application/modules/dashboard/models/Orders.php on line 48
[27-Oct-2023 13:24:50 Asia/Kolkata] PHP Deprecated:  Required parameter $per_page follows optional parameter $store_id in /home/u210986732/domains/premiercourses.in/public_html/mink/application/modules/dashboard/models/Reports.php on line 460
[27-Oct-2023 13:24:50 Asia/Kolkata] PHP Deprecated:  Required parameter $page follows optional parameter $store_id in /home/u210986732/domains/premiercourses.in/public_html/mink/application/modules/dashboard/models/Reports.php on line 460
[27-Oct-2023 13:24:50 Asia/Kolkata] PHP Deprecated:  Required parameter $perpage follows optional parameter $store_id in /home/u210986732/domains/premiercourses.in/public_html/mink/application/modules/dashboard/models/Reports.php on line 510
[27-Oct-2023 13:24:50 Asia/Kolkata] PHP Deprecated:  Required parameter $page follows optional parameter $store_id in /home/u210986732/domains/premiercourses.in/public_html/mink/application/modules/dashboard/models/Reports.php on line 510
[27-Oct-2023 13:24:50 Asia/Kolkata] PHP Deprecated:  Required parameter $page follows optional parameter $filter in /home/u210986732/domains/premiercourses.in/public_html/mink/application/modules/dashboard/libraries/Lorder.php on line 27
[27-Oct-2023 13:24:50 Asia/Kolkata] PHP Deprecated:  Required parameter $per_page follows optional parameter $filter in /home/u210986732/domains/premiercourses.in/public_html/mink/application/modules/dashboard/libraries/Lorder.php on line 27
[27-Oct-2023 13:25:01 Asia/Kolkata] PHP Deprecated:  Required parameter $page follows optional parameter $filter in /home/u210986732/domains/premiercourses.in/public_html/mink/application/modules/dashboard/models/Orders.php on line 48
[27-Oct-2023 13:25:01 Asia/Kolkata] PHP Deprecated:  Required parameter $per_page follows optional parameter $filter in /home/u210986732/domains/premiercourses.in/public_html/mink/application/modules/dashboard/models/Orders.php on line 48
[27-Oct-2023 08:23:01 UTC] PHP Deprecated:  Required parameter $page follows optional parameter $filter in /home/u210986732/domains/premiercourses.in/public_html/mink/application/modules/dashboard/models/Orders.php on line 71
[27-Oct-2023 08:23:01 UTC] PHP Deprecated:  Required parameter $per_page follows optional parameter $filter in /home/u210986732/domains/premiercourses.in/public_html/mink/application/modules/dashboard/models/Orders.php on line 71
[02-Nov-2023 16:24:55 Asia/Kolkata] PHP Deprecated:  Required parameter $per_page follows optional parameter $store_id in /home/u210986732/domains/premiercourses.in/public_html/mink/application/modules/dashboard/models/Reports.php on line 460
[02-Nov-2023 16:24:55 Asia/Kolkata] PHP Deprecated:  Required parameter $page follows optional parameter $store_id in /home/u210986732/domains/premiercourses.in/public_html/mink/application/modules/dashboard/models/Reports.php on line 460
[02-Nov-2023 16:24:55 Asia/Kolkata] PHP Deprecated:  Required parameter $perpage follows optional parameter $store_id in /home/u210986732/domains/premiercourses.in/public_html/mink/application/modules/dashboard/models/Reports.php on line 510
[02-Nov-2023 16:24:55 Asia/Kolkata] PHP Deprecated:  Required parameter $page follows optional parameter $store_id in /home/u210986732/domains/premiercourses.in/public_html/mink/application/modules/dashboard/models/Reports.php on line 510
[16-Nov-2023 13:33:00 Asia/Kolkata] PHP Fatal error:  Allowed memory size of 1073741824 bytes exhausted (tried to allocate 943347728 bytes) in /home/u210986732/domains/premiercourses.in/public_html/mink/application/modules/web/controllers/Home.php on line 2616
[16-Nov-2023 13:37:40 Asia/Kolkata] PHP Fatal error:  Allowed memory size of 1073741824 bytes exhausted (tried to allocate 943347728 bytes) in /home/u210986732/domains/premiercourses.in/public_html/mink/application/modules/web/controllers/Home.php on line 2616
[16-Nov-2023 13:02:34 UTC] PHP Deprecated:  Required parameter $tag follows optional parameter $brand in /home/u210986732/domains/premiercourses.in/public_html/mink/application/modules/web/controllers/Category.php on line 28
[18-Nov-2023 11:06:47 Asia/Kolkata] PHP Deprecated:  Required parameter $per_page follows optional parameter $store_id in /home/u210986732/domains/premiercourses.in/public_html/mink/application/modules/dashboard/models/Reports.php on line 460
[18-Nov-2023 11:06:47 Asia/Kolkata] PHP Deprecated:  Required parameter $page follows optional parameter $store_id in /home/u210986732/domains/premiercourses.in/public_html/mink/application/modules/dashboard/models/Reports.php on line 460
[18-Nov-2023 11:06:47 Asia/Kolkata] PHP Deprecated:  Required parameter $perpage follows optional parameter $store_id in /home/u210986732/domains/premiercourses.in/public_html/mink/application/modules/dashboard/models/Reports.php on line 510
[18-Nov-2023 11:06:47 Asia/Kolkata] PHP Deprecated:  Required parameter $page follows optional parameter $store_id in /home/u210986732/domains/premiercourses.in/public_html/mink/application/modules/dashboard/models/Reports.php on line 510
[21-Nov-2023 13:22:06 Asia/Kolkata] PHP Fatal error:  Cannot use isset() on the result of an expression (you can use "null !== expression" instead) in /home/u210986732/domains/premiercourses.in/public_html/mink/application/modules/dashboard/models/Invoices.php on line 1387
[21-Nov-2023 13:24:13 Asia/Kolkata] PHP Fatal error:  Cannot use isset() on the result of an expression (you can use "null !== expression" instead) in /home/u210986732/domains/premiercourses.in/public_html/mink/application/modules/dashboard/models/Invoices.php on line 1391
[22-Nov-2023 07:40:11 UTC] PHP Deprecated:  Required parameter $page follows optional parameter $filter in /home/u210986732/domains/premiercourses.in/public_html/mink/application/modules/dashboard/models/Orders.php on line 71
[22-Nov-2023 07:40:11 UTC] PHP Deprecated:  Required parameter $per_page follows optional parameter $filter in /home/u210986732/domains/premiercourses.in/public_html/mink/application/modules/dashboard/models/Orders.php on line 71
[22-Nov-2023 14:02:03 Asia/Kolkata] PHP Deprecated:  Required parameter $store_id follows optional parameter $data in /home/u210986732/domains/premiercourses.in/public_html/mink/application/modules/accounting/models/Account_model.php on line 1884
[22-Nov-2023 14:02:03 Asia/Kolkata] PHP Deprecated:  Required parameter $supplier_id follows optional parameter $data in /home/u210986732/domains/premiercourses.in/public_html/mink/application/modules/accounting/models/Account_model.php on line 1895
[22-Nov-2023 14:02:03 Asia/Kolkata] PHP Deprecated:  Required parameter $customer_id follows optional parameter $data in /home/u210986732/domains/premiercourses.in/public_html/mink/application/modules/accounting/models/Account_model.php on line 1987
[22-Nov-2023 15:58:51 Asia/Kolkata] PHP Deprecated:  Required parameter $batch_no follows optional parameter $variant_color in /home/u210986732/domains/premiercourses.in/public_html/mink/application/modules/dashboard/models/Purchases.php on line 2514
[22-Nov-2023 15:58:51 Asia/Kolkata] PHP Deprecated:  Required parameter $per_page follows optional parameter $store_id in /home/u210986732/domains/premiercourses.in/public_html/mink/application/modules/dashboard/models/Reports.php on line 460
[22-Nov-2023 15:58:51 Asia/Kolkata] PHP Deprecated:  Required parameter $page follows optional parameter $store_id in /home/u210986732/domains/premiercourses.in/public_html/mink/application/modules/dashboard/models/Reports.php on line 460
[22-Nov-2023 15:58:51 Asia/Kolkata] PHP Deprecated:  Required parameter $perpage follows optional parameter $store_id in /home/u210986732/domains/premiercourses.in/public_html/mink/application/modules/dashboard/models/Reports.php on line 510
[22-Nov-2023 15:58:51 Asia/Kolkata] PHP Deprecated:  Required parameter $page follows optional parameter $store_id in /home/u210986732/domains/premiercourses.in/public_html/mink/application/modules/dashboard/models/Reports.php on line 510
[22-Nov-2023 10:28:51 UTC] PHP Deprecated:  Required parameter $page follows optional parameter $filter in /home/u210986732/domains/premiercourses.in/public_html/mink/application/modules/dashboard/models/Orders.php on line 71
[22-Nov-2023 10:28:51 UTC] PHP Deprecated:  Required parameter $per_page follows optional parameter $filter in /home/u210986732/domains/premiercourses.in/public_html/mink/application/modules/dashboard/models/Orders.php on line 71
[22-Nov-2023 16:06:11 Asia/Kolkata] PHP Deprecated:  Required parameter $batch_no follows optional parameter $variant_color in /home/u210986732/domains/premiercourses.in/public_html/mink/application/modules/dashboard/models/Purchases.php on line 2514
[22-Nov-2023 16:06:11 Asia/Kolkata] PHP Deprecated:  Required parameter $per_page follows optional parameter $store_id in /home/u210986732/domains/premiercourses.in/public_html/mink/application/modules/dashboard/models/Reports.php on line 460
[22-Nov-2023 16:06:11 Asia/Kolkata] PHP Deprecated:  Required parameter $page follows optional parameter $store_id in /home/u210986732/domains/premiercourses.in/public_html/mink/application/modules/dashboard/models/Reports.php on line 460
[22-Nov-2023 16:06:11 Asia/Kolkata] PHP Deprecated:  Required parameter $perpage follows optional parameter $store_id in /home/u210986732/domains/premiercourses.in/public_html/mink/application/modules/dashboard/models/Reports.php on line 510
[22-Nov-2023 16:06:11 Asia/Kolkata] PHP Deprecated:  Required parameter $page follows optional parameter $store_id in /home/u210986732/domains/premiercourses.in/public_html/mink/application/modules/dashboard/models/Reports.php on line 510
[22-Nov-2023 10:36:11 UTC] PHP Deprecated:  Required parameter $page follows optional parameter $filter in /home/u210986732/domains/premiercourses.in/public_html/mink/application/modules/dashboard/models/Orders.php on line 71
[22-Nov-2023 10:36:11 UTC] PHP Deprecated:  Required parameter $per_page follows optional parameter $filter in /home/u210986732/domains/premiercourses.in/public_html/mink/application/modules/dashboard/models/Orders.php on line 71
[13-Dec-2023 17:24:15 Asia/Kolkata] PHP Fatal error:  Cannot redeclare Lproduct::product_add_form() in /home/u210986732/domains/premiercourses.in/public_html/mink/application/modules/dashboard/libraries/Lproduct.php on line 38
[13-Dec-2023 17:24:28 Asia/Kolkata] PHP Deprecated:  Required parameter $per_page follows optional parameter $store_id in /home/u210986732/domains/premiercourses.in/public_html/mink/application/modules/dashboard/models/Reports.php on line 460
[13-Dec-2023 17:24:28 Asia/Kolkata] PHP Deprecated:  Required parameter $page follows optional parameter $store_id in /home/u210986732/domains/premiercourses.in/public_html/mink/application/modules/dashboard/models/Reports.php on line 460
[13-Dec-2023 17:24:28 Asia/Kolkata] PHP Deprecated:  Required parameter $perpage follows optional parameter $store_id in /home/u210986732/domains/premiercourses.in/public_html/mink/application/modules/dashboard/models/Reports.php on line 510
[13-Dec-2023 17:24:28 Asia/Kolkata] PHP Deprecated:  Required parameter $page follows optional parameter $store_id in /home/u210986732/domains/premiercourses.in/public_html/mink/application/modules/dashboard/models/Reports.php on line 510
[13-Dec-2023 17:38:25 Asia/Kolkata] PHP Deprecated:  Required parameter $batch_no follows optional parameter $variant_color in /home/u210986732/domains/premiercourses.in/public_html/mink/application/modules/dashboard/models/Purchases.php on line 2514
[13-Dec-2023 12:08:25 UTC] PHP Deprecated:  Required parameter $page follows optional parameter $filter in /home/u210986732/domains/premiercourses.in/public_html/mink/application/modules/dashboard/models/Orders.php on line 71
[13-Dec-2023 12:08:25 UTC] PHP Deprecated:  Required parameter $per_page follows optional parameter $filter in /home/u210986732/domains/premiercourses.in/public_html/mink/application/modules/dashboard/models/Orders.php on line 71
[14-Dec-2023 13:48:41 Asia/Kolkata] PHP Deprecated:  Required parameter $rate follows optional parameter $product_id in /home/u210986732/domains/premiercourses.in/public_html/mink/application/modules/web/models/Products_model.php on line 74
[14-Dec-2023 13:51:23 Asia/Kolkata] PHP Deprecated:  Required parameter $per_page follows optional parameter $store_id in /home/u210986732/domains/premiercourses.in/public_html/mink/application/modules/dashboard/models/Reports.php on line 460
[14-Dec-2023 13:51:23 Asia/Kolkata] PHP Deprecated:  Required parameter $page follows optional parameter $store_id in /home/u210986732/domains/premiercourses.in/public_html/mink/application/modules/dashboard/models/Reports.php on line 460
[14-Dec-2023 13:51:23 Asia/Kolkata] PHP Deprecated:  Required parameter $perpage follows optional parameter $store_id in /home/u210986732/domains/premiercourses.in/public_html/mink/application/modules/dashboard/models/Reports.php on line 510
[14-Dec-2023 13:51:23 Asia/Kolkata] PHP Deprecated:  Required parameter $page follows optional parameter $store_id in /home/u210986732/domains/premiercourses.in/public_html/mink/application/modules/dashboard/models/Reports.php on line 510
[14-Dec-2023 15:45:38 Asia/Kolkata] PHP Deprecated:  Required parameter $store_id follows optional parameter $data in /home/u210986732/domains/premiercourses.in/public_html/mink/application/modules/accounting/models/Account_model.php on line 1884
[14-Dec-2023 15:45:38 Asia/Kolkata] PHP Deprecated:  Required parameter $supplier_id follows optional parameter $data in /home/u210986732/domains/premiercourses.in/public_html/mink/application/modules/accounting/models/Account_model.php on line 1895
[14-Dec-2023 15:45:38 Asia/Kolkata] PHP Deprecated:  Required parameter $customer_id follows optional parameter $data in /home/u210986732/domains/premiercourses.in/public_html/mink/application/modules/accounting/models/Account_model.php on line 1987
[21-Dec-2023 11:23:19 Asia/Kolkata] PHP Deprecated:  Required parameter $page follows optional parameter $filter in /home/u210986732/domains/premiercourses.in/public_html/mink/application/modules/dashboard/models/Orders.php on line 210
[21-Dec-2023 11:23:19 Asia/Kolkata] PHP Deprecated:  Required parameter $per_page follows optional parameter $filter in /home/u210986732/domains/premiercourses.in/public_html/mink/application/modules/dashboard/models/Orders.php on line 210
[21-Dec-2023 11:23:19 Asia/Kolkata] PHP Deprecated:  Required parameter $page follows optional parameter $filter in /home/u210986732/domains/premiercourses.in/public_html/mink/application/modules/dashboard/libraries/Lorder.php on line 27
[21-Dec-2023 11:23:19 Asia/Kolkata] PHP Deprecated:  Required parameter $per_page follows optional parameter $filter in /home/u210986732/domains/premiercourses.in/public_html/mink/application/modules/dashboard/libraries/Lorder.php on line 27
[21-Dec-2023 06:17:03 UTC] PHP Deprecated:  Required parameter $pur_order_id follows optional parameter $param in /home/u210986732/domains/premiercourses.in/public_html/mink/application/modules/dashboard/controllers/Cpurchase.php on line 721
[21-Dec-2023 11:47:03 Asia/Kolkata] PHP Deprecated:  Required parameter $batch_no follows optional parameter $variant_color in /home/u210986732/domains/premiercourses.in/public_html/mink/application/modules/dashboard/models/Purchases.php on line 2514
[21-Dec-2023 11:59:54 Asia/Kolkata] PHP Deprecated:  Required parameter $per_page follows optional parameter $store_id in /home/u210986732/domains/premiercourses.in/public_html/mink/application/modules/dashboard/models/Reports.php on line 460
[21-Dec-2023 11:59:54 Asia/Kolkata] PHP Deprecated:  Required parameter $page follows optional parameter $store_id in /home/u210986732/domains/premiercourses.in/public_html/mink/application/modules/dashboard/models/Reports.php on line 460
[21-Dec-2023 11:59:54 Asia/Kolkata] PHP Deprecated:  Required parameter $perpage follows optional parameter $store_id in /home/u210986732/domains/premiercourses.in/public_html/mink/application/modules/dashboard/models/Reports.php on line 510
[21-Dec-2023 11:59:54 Asia/Kolkata] PHP Deprecated:  Required parameter $page follows optional parameter $store_id in /home/u210986732/domains/premiercourses.in/public_html/mink/application/modules/dashboard/models/Reports.php on line 510
[22-Dec-2023 13:16:01 Asia/Kolkata] PHP Deprecated:  Required parameter $batch_no follows optional parameter $variant_color in /home/u210986732/domains/premiercourses.in/public_html/mink/application/modules/dashboard/models/Purchases.php on line 2526
[22-Dec-2023 13:16:25 Asia/Kolkata] PHP Deprecated:  Required parameter $batch_no follows optional parameter $variant_color in /home/u210986732/domains/premiercourses.in/public_html/mink/application/modules/dashboard/models/Purchases.php on line 2526
[22-Dec-2023 13:18:48 Asia/Kolkata] PHP Deprecated:  Required parameter $batch_no follows optional parameter $variant_color in /home/u210986732/domains/premiercourses.in/public_html/mink/application/modules/dashboard/models/Purchases.php on line 2526
[22-Dec-2023 13:20:23 Asia/Kolkata] PHP Deprecated:  Required parameter $batch_no follows optional parameter $variant_color in /home/u210986732/domains/premiercourses.in/public_html/mink/application/modules/dashboard/models/Purchases.php on line 2526
[23-Dec-2023 11:49:13 Asia/Kolkata] PHP Deprecated:  Required parameter $per_page follows optional parameter $store_id in /home/u210986732/domains/premiercourses.in/public_html/mink/application/modules/dashboard/models/Reports.php on line 460
[23-Dec-2023 11:49:13 Asia/Kolkata] PHP Deprecated:  Required parameter $page follows optional parameter $store_id in /home/u210986732/domains/premiercourses.in/public_html/mink/application/modules/dashboard/models/Reports.php on line 460
[23-Dec-2023 11:49:13 Asia/Kolkata] PHP Deprecated:  Required parameter $perpage follows optional parameter $store_id in /home/u210986732/domains/premiercourses.in/public_html/mink/application/modules/dashboard/models/Reports.php on line 510
[23-Dec-2023 11:49:13 Asia/Kolkata] PHP Deprecated:  Required parameter $page follows optional parameter $store_id in /home/u210986732/domains/premiercourses.in/public_html/mink/application/modules/dashboard/models/Reports.php on line 510
[26-Dec-2023 13:02:40 Asia/Kolkata] PHP Deprecated:  Required parameter $per_page follows optional parameter $store_id in /home/u210986732/domains/premiercourses.in/public_html/mink/application/modules/dashboard/models/Reports.php on line 460
[26-Dec-2023 13:02:40 Asia/Kolkata] PHP Deprecated:  Required parameter $page follows optional parameter $store_id in /home/u210986732/domains/premiercourses.in/public_html/mink/application/modules/dashboard/models/Reports.php on line 460
[26-Dec-2023 13:02:40 Asia/Kolkata] PHP Deprecated:  Required parameter $perpage follows optional parameter $store_id in /home/u210986732/domains/premiercourses.in/public_html/mink/application/modules/dashboard/models/Reports.php on line 510
[26-Dec-2023 13:02:40 Asia/Kolkata] PHP Deprecated:  Required parameter $page follows optional parameter $store_id in /home/u210986732/domains/premiercourses.in/public_html/mink/application/modules/dashboard/models/Reports.php on line 510
[26-Dec-2023 13:11:51 Asia/Kolkata] PHP Deprecated:  Required parameter $per_page follows optional parameter $store_id in /home/u210986732/domains/premiercourses.in/public_html/mink/application/modules/dashboard/models/Reports.php on line 460
[26-Dec-2023 13:11:51 Asia/Kolkata] PHP Deprecated:  Required parameter $page follows optional parameter $store_id in /home/u210986732/domains/premiercourses.in/public_html/mink/application/modules/dashboard/models/Reports.php on line 460
[26-Dec-2023 13:11:51 Asia/Kolkata] PHP Deprecated:  Required parameter $perpage follows optional parameter $store_id in /home/u210986732/domains/premiercourses.in/public_html/mink/application/modules/dashboard/models/Reports.php on line 510
[26-Dec-2023 13:11:51 Asia/Kolkata] PHP Deprecated:  Required parameter $page follows optional parameter $store_id in /home/u210986732/domains/premiercourses.in/public_html/mink/application/modules/dashboard/models/Reports.php on line 510
[26-Dec-2023 14:23:15 Asia/Kolkata] PHP Deprecated:  Required parameter $store_id follows optional parameter $data in /home/u210986732/domains/premiercourses.in/public_html/mink/application/modules/accounting/models/Account_model.php on line 1884
[26-Dec-2023 14:23:15 Asia/Kolkata] PHP Deprecated:  Required parameter $supplier_id follows optional parameter $data in /home/u210986732/domains/premiercourses.in/public_html/mink/application/modules/accounting/models/Account_model.php on line 1895
[26-Dec-2023 14:23:15 Asia/Kolkata] PHP Deprecated:  Required parameter $customer_id follows optional parameter $data in /home/u210986732/domains/premiercourses.in/public_html/mink/application/modules/accounting/models/Account_model.php on line 1987
[27-Dec-2023 12:51:26 Asia/Kolkata] PHP Deprecated:  Required parameter $page follows optional parameter $filter in /home/u210986732/domains/premiercourses.in/public_html/mink/application/modules/dashboard/libraries/Lorder.php on line 27
[27-Dec-2023 12:51:26 Asia/Kolkata] PHP Deprecated:  Required parameter $per_page follows optional parameter $filter in /home/u210986732/domains/premiercourses.in/public_html/mink/application/modules/dashboard/libraries/Lorder.php on line 27
[28-Dec-2023 14:06:22 Asia/Kolkata] PHP Deprecated:  Required parameter $batch_no follows optional parameter $variant_color in /home/u210986732/domains/premiercourses.in/public_html/mink/application/modules/dashboard/models/Purchases.php on line 2527
[28-Dec-2023 14:08:09 Asia/Kolkata] PHP Deprecated:  Required parameter $batch_no follows optional parameter $variant_color in /home/u210986732/domains/premiercourses.in/public_html/mink/application/modules/dashboard/models/Purchases.php on line 2527
[28-Dec-2023 14:09:51 Asia/Kolkata] PHP Deprecated:  Required parameter $batch_no follows optional parameter $variant_color in /home/u210986732/domains/premiercourses.in/public_html/mink/application/modules/dashboard/models/Purchases.php on line 2527
[28-Dec-2023 11:54:35 UTC] PHP Warning:  mysqli::__construct(): (HY000/2002): Connection refused in /home/u210986732/domains/premiercourses.in/public_html/mink/index.php on line 228
[28-Dec-2023 11:54:35 UTC] PHP Warning:  mysqli::__construct(): (HY000/2002): Connection refused in /home/u210986732/domains/premiercourses.in/public_html/mink/index.php on line 228
[28-Dec-2023 11:54:35 UTC] PHP Warning:  mysqli::__construct(): (HY000/2002): Connection refused in /home/u210986732/domains/premiercourses.in/public_html/mink/index.php on line 228
[28-Dec-2023 11:54:35 UTC] PHP Warning:  mysqli::__construct(): (HY000/2002): Connection refused in /home/u210986732/domains/premiercourses.in/public_html/mink/index.php on line 228
[28-Dec-2023 11:54:35 UTC] PHP Warning:  mysqli::__construct(): (HY000/2002): Connection refused in /home/u210986732/domains/premiercourses.in/public_html/mink/index.php on line 228
[28-Dec-2023 11:54:35 UTC] PHP Warning:  mysqli::__construct(): (HY000/2002): Connection refused in /home/u210986732/domains/premiercourses.in/public_html/mink/index.php on line 228
[28-Dec-2023 11:54:35 UTC] PHP Warning:  mysqli::__construct(): (HY000/2002): Connection refused in /home/u210986732/domains/premiercourses.in/public_html/mink/index.php on line 228
[28-Dec-2023 11:54:35 UTC] PHP Warning:  mysqli::__construct(): (HY000/2002): Connection refused in /home/u210986732/domains/premiercourses.in/public_html/mink/index.php on line 228
[28-Dec-2023 11:54:35 UTC] PHP Warning:  mysqli::__construct(): (HY000/2002): Connection refused in /home/u210986732/domains/premiercourses.in/public_html/mink/index.php on line 228
[28-Dec-2023 11:54:35 UTC] PHP Warning:  mysqli::__construct(): (HY000/2002): Connection refused in /home/u210986732/domains/premiercourses.in/public_html/mink/index.php on line 228
[28-Dec-2023 11:54:35 UTC] PHP Warning:  mysqli::__construct(): (HY000/2002): Connection refused in /home/u210986732/domains/premiercourses.in/public_html/mink/index.php on line 228
[28-Dec-2023 11:54:35 UTC] PHP Warning:  mysqli::__construct(): (HY000/2002): Connection refused in /home/u210986732/domains/premiercourses.in/public_html/mink/index.php on line 228
[28-Dec-2023 11:54:35 UTC] PHP Warning:  mysqli::__construct(): (HY000/2002): Connection refused in /home/u210986732/domains/premiercourses.in/public_html/mink/index.php on line 228
[28-Dec-2023 11:54:35 UTC] PHP Warning:  mysqli::__construct(): (HY000/2002): Connection refused in /home/u210986732/domains/premiercourses.in/public_html/mink/index.php on line 228
[28-Dec-2023 11:54:35 UTC] PHP Warning:  mysqli::__construct(): (HY000/2002): Connection refused in /home/u210986732/domains/premiercourses.in/public_html/mink/index.php on line 228
[28-Dec-2023 11:54:35 UTC] PHP Warning:  mysqli::__construct(): (HY000/2002): Connection refused in /home/u210986732/domains/premiercourses.in/public_html/mink/index.php on line 228
[28-Dec-2023 11:54:35 UTC] PHP Warning:  mysqli::__construct(): (HY000/2002): Connection refused in /home/u210986732/domains/premiercourses.in/public_html/mink/index.php on line 228
[28-Dec-2023 11:54:35 UTC] PHP Warning:  mysqli::__construct(): (HY000/2002): Connection refused in /home/u210986732/domains/premiercourses.in/public_html/mink/index.php on line 228
[28-Dec-2023 11:54:35 UTC] PHP Warning:  mysqli::__construct(): (HY000/2002): Connection refused in /home/u210986732/domains/premiercourses.in/public_html/mink/index.php on line 228
[28-Dec-2023 11:54:36 UTC] PHP Warning:  mysqli::__construct(): (HY000/2002): Connection refused in /home/u210986732/domains/premiercourses.in/public_html/mink/index.php on line 228
[28-Dec-2023 17:25:02 Asia/Kolkata] PHP Deprecated:  Required parameter $batch_no follows optional parameter $variant_color in /home/u210986732/domains/premiercourses.in/public_html/mink/application/modules/dashboard/models/Purchases.php on line 2527
[28-Dec-2023 11:55:02 UTC] PHP Deprecated:  Required parameter $page follows optional parameter $filter in /home/u210986732/domains/premiercourses.in/public_html/mink/application/modules/dashboard/models/Orders.php on line 210
[28-Dec-2023 11:55:02 UTC] PHP Deprecated:  Required parameter $per_page follows optional parameter $filter in /home/u210986732/domains/premiercourses.in/public_html/mink/application/modules/dashboard/models/Orders.php on line 210
[29-Dec-2023 14:20:02 Asia/Kolkata] PHP Deprecated:  Required parameter $per_page follows optional parameter $store_id in /home/u210986732/domains/premiercourses.in/public_html/mink/application/modules/dashboard/models/Reports.php on line 460
[29-Dec-2023 14:20:02 Asia/Kolkata] PHP Deprecated:  Required parameter $page follows optional parameter $store_id in /home/u210986732/domains/premiercourses.in/public_html/mink/application/modules/dashboard/models/Reports.php on line 460
[29-Dec-2023 14:20:02 Asia/Kolkata] PHP Deprecated:  Required parameter $perpage follows optional parameter $store_id in /home/u210986732/domains/premiercourses.in/public_html/mink/application/modules/dashboard/models/Reports.php on line 510
[29-Dec-2023 14:20:02 Asia/Kolkata] PHP Deprecated:  Required parameter $page follows optional parameter $store_id in /home/u210986732/domains/premiercourses.in/public_html/mink/application/modules/dashboard/models/Reports.php on line 510
[03-Jan-2024 10:19:17 Asia/Kolkata] PHP Deprecated:  Required parameter $store_id follows optional parameter $data in /home/u210986732/domains/premiercourses.in/public_html/mink/application/modules/accounting/models/Account_model.php on line 1886
[03-Jan-2024 10:19:17 Asia/Kolkata] PHP Deprecated:  Required parameter $supplier_id follows optional parameter $data in /home/u210986732/domains/premiercourses.in/public_html/mink/application/modules/accounting/models/Account_model.php on line 1897
[03-Jan-2024 10:19:17 Asia/Kolkata] PHP Deprecated:  Required parameter $customer_id follows optional parameter $data in /home/u210986732/domains/premiercourses.in/public_html/mink/application/modules/accounting/models/Account_model.php on line 1989
[03-Jan-2024 10:19:41 Asia/Kolkata] PHP Deprecated:  Required parameter $store_id follows optional parameter $data in /home/u210986732/domains/premiercourses.in/public_html/mink/application/modules/accounting/models/Account_model.php on line 1886
[03-Jan-2024 10:19:41 Asia/Kolkata] PHP Deprecated:  Required parameter $supplier_id follows optional parameter $data in /home/u210986732/domains/premiercourses.in/public_html/mink/application/modules/accounting/models/Account_model.php on line 1897
[03-Jan-2024 10:19:41 Asia/Kolkata] PHP Deprecated:  Required parameter $customer_id follows optional parameter $data in /home/u210986732/domains/premiercourses.in/public_html/mink/application/modules/accounting/models/Account_model.php on line 1989
[03-Jan-2024 10:20:56 Asia/Kolkata] PHP Deprecated:  Required parameter $store_id follows optional parameter $data in /home/u210986732/domains/premiercourses.in/public_html/mink/application/modules/accounting/models/Account_model.php on line 1886
[03-Jan-2024 10:20:56 Asia/Kolkata] PHP Deprecated:  Required parameter $supplier_id follows optional parameter $data in /home/u210986732/domains/premiercourses.in/public_html/mink/application/modules/accounting/models/Account_model.php on line 1897
[03-Jan-2024 10:20:56 Asia/Kolkata] PHP Deprecated:  Required parameter $customer_id follows optional parameter $data in /home/u210986732/domains/premiercourses.in/public_html/mink/application/modules/accounting/models/Account_model.php on line 1989
[03-Jan-2024 10:21:32 Asia/Kolkata] PHP Deprecated:  Required parameter $store_id follows optional parameter $data in /home/u210986732/domains/premiercourses.in/public_html/mink/application/modules/accounting/models/Account_model.php on line 1886
[03-Jan-2024 10:21:32 Asia/Kolkata] PHP Deprecated:  Required parameter $supplier_id follows optional parameter $data in /home/u210986732/domains/premiercourses.in/public_html/mink/application/modules/accounting/models/Account_model.php on line 1897
[03-Jan-2024 10:21:32 Asia/Kolkata] PHP Deprecated:  Required parameter $customer_id follows optional parameter $data in /home/u210986732/domains/premiercourses.in/public_html/mink/application/modules/accounting/models/Account_model.php on line 1989
[03-Jan-2024 10:22:05 Asia/Kolkata] PHP Deprecated:  Required parameter $pur_order_id follows optional parameter $param in /home/u210986732/domains/premiercourses.in/public_html/mink/application/modules/dashboard/controllers/Cpurchase.php on line 722
[03-Jan-2024 10:22:05 Asia/Kolkata] PHP Deprecated:  Required parameter $batch_no follows optional parameter $variant_color in /home/u210986732/domains/premiercourses.in/public_html/mink/application/modules/dashboard/models/Purchases.php on line 2527
[03-Jan-2024 10:22:06 Asia/Kolkata] PHP Deprecated:  Required parameter $per_page follows optional parameter $store_id in /home/u210986732/domains/premiercourses.in/public_html/mink/application/modules/dashboard/models/Reports.php on line 463
[03-Jan-2024 10:22:06 Asia/Kolkata] PHP Deprecated:  Required parameter $page follows optional parameter $store_id in /home/u210986732/domains/premiercourses.in/public_html/mink/application/modules/dashboard/models/Reports.php on line 463
[03-Jan-2024 10:22:06 Asia/Kolkata] PHP Deprecated:  Required parameter $perpage follows optional parameter $store_id in /home/u210986732/domains/premiercourses.in/public_html/mink/application/modules/dashboard/models/Reports.php on line 513
[03-Jan-2024 10:22:06 Asia/Kolkata] PHP Deprecated:  Required parameter $page follows optional parameter $store_id in /home/u210986732/domains/premiercourses.in/public_html/mink/application/modules/dashboard/models/Reports.php on line 513
[03-Jan-2024 10:24:09 Asia/Kolkata] PHP Deprecated:  Required parameter $store_id follows optional parameter $data in /home/u210986732/domains/premiercourses.in/public_html/mink/application/modules/accounting/models/Account_model.php on line 1886
[03-Jan-2024 10:24:09 Asia/Kolkata] PHP Deprecated:  Required parameter $supplier_id follows optional parameter $data in /home/u210986732/domains/premiercourses.in/public_html/mink/application/modules/accounting/models/Account_model.php on line 1897
[03-Jan-2024 10:24:09 Asia/Kolkata] PHP Deprecated:  Required parameter $customer_id follows optional parameter $data in /home/u210986732/domains/premiercourses.in/public_html/mink/application/modules/accounting/models/Account_model.php on line 1989
[03-Jan-2024 13:19:42 Asia/Kolkata] PHP Deprecated:  Required parameter $batch_no follows optional parameter $variant_color in /home/u210986732/domains/premiercourses.in/public_html/mink/application/modules/dashboard/models/Purchases.php on line 2530
[03-Jan-2024 13:20:25 Asia/Kolkata] PHP Deprecated:  Required parameter $batch_no follows optional parameter $variant_color in /home/u210986732/domains/premiercourses.in/public_html/mink/application/modules/dashboard/models/Purchases.php on line 2530
[03-Jan-2024 13:30:21 Asia/Kolkata] PHP Deprecated:  Required parameter $pur_order_id follows optional parameter $param in /home/u210986732/domains/premiercourses.in/public_html/mink/application/modules/dashboard/controllers/Cpurchase.php on line 724
[03-Jan-2024 14:13:31 Asia/Kolkata] PHP Deprecated:  Required parameter $batch_no follows optional parameter $variant_color in /home/u210986732/domains/premiercourses.in/public_html/mink/application/modules/dashboard/models/Purchases.php on line 2538
[03-Jan-2024 14:14:08 Asia/Kolkata] PHP Deprecated:  Required parameter $batch_no follows optional parameter $variant_color in /home/u210986732/domains/premiercourses.in/public_html/mink/application/modules/dashboard/models/Purchases.php on line 2538
[03-Jan-2024 14:15:07 Asia/Kolkata] PHP Deprecated:  Required parameter $batch_no follows optional parameter $variant_color in /home/u210986732/domains/premiercourses.in/public_html/mink/application/modules/dashboard/models/Purchases.php on line 2538
[03-Jan-2024 14:17:56 Asia/Kolkata] PHP Deprecated:  Required parameter $batch_no follows optional parameter $variant_color in /home/u210986732/domains/premiercourses.in/public_html/mink/application/modules/dashboard/models/Purchases.php on line 2539
[03-Jan-2024 14:18:34 Asia/Kolkata] PHP Deprecated:  Required parameter $batch_no follows optional parameter $variant_color in /home/u210986732/domains/premiercourses.in/public_html/mink/application/modules/dashboard/models/Purchases.php on line 2526
[03-Jan-2024 14:19:38 Asia/Kolkata] PHP Deprecated:  Required parameter $batch_no follows optional parameter $variant_color in /home/u210986732/domains/premiercourses.in/public_html/mink/application/modules/dashboard/models/Purchases.php on line 2526
[03-Jan-2024 14:21:10 Asia/Kolkata] PHP Deprecated:  Required parameter $batch_no follows optional parameter $variant_color in /home/u210986732/domains/premiercourses.in/public_html/mink/application/modules/dashboard/models/Purchases.php on line 2539
[03-Jan-2024 14:23:12 Asia/Kolkata] PHP Deprecated:  Required parameter $batch_no follows optional parameter $variant_color in /home/u210986732/domains/premiercourses.in/public_html/mink/application/modules/dashboard/models/Purchases.php on line 2539
[03-Jan-2024 14:26:17 Asia/Kolkata] PHP Deprecated:  Required parameter $batch_no follows optional parameter $variant_color in /home/u210986732/domains/premiercourses.in/public_html/mink/application/modules/dashboard/models/Purchases.php on line 2539
[03-Jan-2024 17:34:06 Asia/Kolkata] PHP Deprecated:  Required parameter $store_id follows optional parameter $data in /home/u210986732/domains/premiercourses.in/public_html/mink/application/modules/accounting/models/Account_model.php on line 1886
[03-Jan-2024 17:34:06 Asia/Kolkata] PHP Deprecated:  Required parameter $supplier_id follows optional parameter $data in /home/u210986732/domains/premiercourses.in/public_html/mink/application/modules/accounting/models/Account_model.php on line 1897
[03-Jan-2024 17:34:06 Asia/Kolkata] PHP Deprecated:  Required parameter $customer_id follows optional parameter $data in /home/u210986732/domains/premiercourses.in/public_html/mink/application/modules/accounting/models/Account_model.php on line 1989
